<?xml version="1.0" encoding="UTF-8"?><testrun name="GroupBySortByCotrollerTest" project="GroupbyAndSortBy" tests="1" started="1" failures="0" errors="1" ignored="0">
  <testsuite name="com.assignment1.controller.GroupBySortByCotrollerTest" time="0.498" displayname="GroupBySortByCotrollerTest" uniqueid="[engine:junit-jupiter]/[class:com.assignment1.controller.GroupBySortByCotrollerTest]">
    <testcase name="saveRecordTest" classname="com.assignment1.controller.GroupBySortByCotrollerTest" time="0.498" displayname="saveRecordTest(String, SaveRecordRequest)" parameters="java.lang.String,com.assignment1.dto.SaveRecordRequest" uniqueid="[engine:junit-jupiter]/[class:com.assignment1.controller.GroupBySortByCotrollerTest]/[method:saveRecordTest(java.lang.String, com.assignment1.dto.SaveRecordRequest)]">
      <error>org.junit.jupiter.api.extension.ParameterResolutionException: No ParameterResolver registered for parameter [java.lang.String dataset] in method [public void com.assignment1.controller.GroupBySortByCotrollerTest.saveRecordTest(java.lang.String,com.assignment1.dto.SaveRecordRequest) throws com.fasterxml.jackson.core.JsonProcessingException,java.lang.Exception].&#13;
	at java.base/java.util.ArrayList.forEach(ArrayList.java:1511)&#13;
	at java.base/java.util.ArrayList.forEach(ArrayList.java:1511)&#13;
&#13;
</error>
    </testcase>
  </testsuite>
</testrun>
